INFO:root:Begin the prf scraper script
INFO:root:Start list creation: search soup
INFO:root:job_card_items found
INFO:root:img found
INFO:root:Image with alt="technologies" not found.
INFO:root:img found
INFO:root:Image with alt="technologies" not found.
INFO:root:Image with alt="technologies" not found.
INFO:root:img found
INFO:root:Image with alt="technologies" not found.
INFO:root:img found
INFO:root:img found
INFO:root:img found
INFO:root:Image with alt="technologies" not found.
INFO:root:img found
INFO:root:Image with alt="technologies" not found.
INFO:root:img found
INFO:root:img found
INFO:root:img found
INFO:root:Image with alt="technologies" not found.
